<?xml version="1.0" encoding="UTF-8"?>
<!-- Generated by org.testng.reporters.JUnitReportReporter -->
<testsuite hostname="DESKTOP-DSV9LIK" failures="0" tests="1" name="dayd.PathAndQueryParam" time="2.234" errors="0" timestamp="2024-02-13T16:01:45 IST" skipped="0">
  <testcase classname="dayd.PathAndQueryParam" name="testQueryAndPathParameter" time="2.234"/>
  <system-out/>
</testsuite> <!-- dayd.PathAndQueryParam -->
