<?xml version="1.0" encoding="UTF-8"?>
<!-- Generated by org.testng.reporters.JUnitReportReporter -->
<testsuite hostname="DESKTOP-DSV9LIK" failures="0" tests="1" name="dayd.Authentication" time="3.813" errors="0" timestamp="2024-02-15T17:03:53 IST" skipped="0">
  <testcase classname="dayd.Authentication" name="testBasicAuthentication" time="3.813"/>
  <system-out/>
</testsuite> <!-- dayd.Authentication -->
