<?xml version="1.0" encoding="UTF-8"?>
<!-- Generated by org.testng.reporters.JUnitReportReporter -->
<testsuite hostname="DESKTOP-DSV9LIK" failures="0" tests="1" name="dayd.ParsingXMLResponse" time="2.294" errors="0" timestamp="2024-02-15T12:36:25 IST" skipped="0">
  <testcase classname="dayd.ParsingXMLResponse" name="xmlParsing1" time="2.294"/>
  <system-out/>
</testsuite> <!-- dayd.ParsingXMLResponse -->
