<?xml version="1.0" encoding="UTF-8"?>
<!-- Generated by org.testng.reporters.JUnitReportReporter -->
<testsuite hostname="DESKTOP-DSV9LIK" failures="0" tests="1" name="dayd.CookiesAndHeader" time="3.381" errors="0" timestamp="2024-02-14T10:54:46 IST" skipped="0">
  <testcase classname="dayd.CookiesAndHeader" name="getHeader" time="3.381"/>
  <system-out/>
</testsuite> <!-- dayd.CookiesAndHeader -->
