<?xml version="1.0" encoding="UTF-8"?>
<!-- Generated by org.testng.reporters.JUnitReportReporter -->
<testsuite hostname="DESKTOP-DSV9LIK" failures="0" tests="1" name="dayd.ValidateResponse" time="9.013" errors="0" timestamp="2024-02-15T09:58:06 IST" skipped="0">
  <testcase classname="dayd.ValidateResponse" name="testJsonResponce" time="9.013"/>
  <system-out/>
</testsuite> <!-- dayd.ValidateResponse -->
