<?xml version="1.0" encoding="UTF-8"?>
<!-- Generated by org.testng.reporters.JUnitReportReporter -->
<testsuite hostname="DESKTOP-DSV9LIK" failures="0" tests="1" name="dayd.ExternalJosonFile" time="3.059" errors="0" timestamp="2024-02-13T15:16:15 IST" skipped="0">
  <testcase classname="dayd.ExternalJosonFile" name="externalFile" time="3.059"/>
  <system-out/>
</testsuite> <!-- dayd.ExternalJosonFile -->
