<?xml version="1.0" encoding="UTF-8"?>
<!-- Generated by org.testng.reporters.JUnitReportReporter -->
<testsuite hostname="DESKTOP-DSV9LIK" failures="0" tests="1" name="dayd.XmlSchemaValidator" time="1.721" errors="0" timestamp="2024-02-15T16:55:53 IST" skipped="0">
  <testcase classname="dayd.XmlSchemaValidator" name="testSchema" time="1.721"/>
  <system-out/>
</testsuite> <!-- dayd.XmlSchemaValidator -->
