<?xml version="1.0" encoding="UTF-8"?>
<!-- Generated by org.testng.reporters.JUnitReportReporter -->
<testsuite hostname="DESKTOP-DSV9LIK" failures="0" tests="1" name="Day1.HttpRequest" time="3.880" errors="0" timestamp="2024-02-13T11:57:08 IST" skipped="0">
  <testcase classname="Day1.HttpRequest" name="getUsers" time="3.880"/>
  <system-out/>
</testsuite> <!-- Day1.HttpRequest -->
